2024-06-23T14:50:10  chore: tune defaults
2024-06-30T09:07:17  refactor: simplify helper
2024-07-31T16:24:24  chore: routine maintenance
2024-09-01T11:41:31  docs: clarify usage notes
2024-09-08T18:58:38  test: add edge case
2024-10-10T13:15:45  refactor: tidy internals
2024-11-10T08:32:52  fix: handle empty input gracefully
2024-12-12T15:49:59  perf: micro-optimization
2024-12-19T10:06:06  style: formatting
2025-01-27T17:23:13  chore: bump dev tooling
2025-02-03T12:40:20  docs: expand examples
2025-03-07T19:57:27  test: strengthen coverage
2025-04-07T14:14:34  chore: tune defaults
2025-04-15T09:31:41  refactor: simplify helper
2025-05-16T16:48:48  chore: routine maintenance
2025-06-17T11:05:55  docs: clarify usage notes
2025-07-18T18:22:02  test: add edge case
2025-08-01T13:39:09  refactor: tidy internals
2025-09-02T08:56:16  fix: handle empty input gracefully
2025-09-09T15:13:23  perf: micro-optimization
2025-10-11T10:30:30  style: formatting
2025-11-11T17:47:37  chore: bump dev tooling
2025-12-13T12:04:44  docs: expand examples
2025-12-20T19:21:51  test: strengthen coverage
2026-01-21T14:38:58  chore: tune defaults
2026-02-21T09:55:05  refactor: simplify helper
